{"name": "Тест раздела \"В работе\"", "status": "broken", "statusDetails": {"message": "selenium.common.exceptions.StaleElementReferenceException: Message: stale element reference: stale element not found in the current frame\n  (Session info: chrome=124.0.6367.78); For documentation on this error, please visit: https://www.selenium.dev/documentation/webdriver/troubleshooting/errors#stale-element-reference-exception\nStacktrace:\n0   chromedriver                        0x00000001007be8dc chromedriver + 4368604\n1   chromedriver                        0x00000001007b6d70 chromedriver + 4337008\n2   chromedriver                        0x00000001003dac04 chromedriver + 289796\n3   chromedriver                        0x00000001003df5d4 chromedriver + 308692\n4   chromedriver                        0x00000001003e0f30 chromedriver + 315184\n5   chromedriver                        0x00000001003e0fa8 chromedriver + 315304\n6   chromedriver                        0x0000000100417f84 chromedriver + 540548\n7   chromedriver                        0x0000000100413368 chromedriver + 521064\n8   chromedriver                        0x00000001004555ec chromedriver + 792044\n9   chromedriver                        0x0000000100411ab4 chromedriver + 514740\n10  chromedriver                        0x000000010041250c chromedriver + 517388\n11  chromedriver                        0x0000000100782df8 chromedriver + 4124152\n12  chromedriver                        0x0000000100787be8 chromedriver + 4144104\n13  chromedriver                        0x00000001007687c0 chromedriver + 4016064\n14  chromedriver                        0x0000000100788518 chromedriver + 4146456\n15  chromedriver                        0x000000010075a274 chromedriver + 3957364\n16  chromedriver                        0x00000001007a7e60 chromedriver + 4275808\n17  chromedriver                        0x00000001007a7fdc chromedriver + 4276188\n18  chromedriver                        0x00000001007b69d0 chromedriver + 4336080\n19  libsystem_pthread.dylib             0x000000018fe1d034 _pthread_start + 136\n20  libsystem_pthread.dylib             0x000000018fe17e3c thread_start + 8", "trace": "self = <tests.test_order_list.TestOrderList object at 0x1021e6ae0>, driver = <selenium.webdriver.chrome.webdriver.WebDriver (session=\"7420cfca577cd1d87c701235e5c78926\")>\nuser = {'email': 'klkmezxaml@gmail.com', 'json': {'accessToken': 'Bearer eyJhbGciOiJIUzI1NiIsInR5cCI6IkpXVCJ9.eyJpZCI6IjY2MmE... 'user': {'email': 'klkmezxaml@gmail.com', 'name': 'xwdiluqjam'}}, 'name': 'xwdiluqjam', 'password': 'tvusieptuk', ...}\n\n    @allure.title('Тест раздела \"В работе\"')\n    def test_in_work_list(self, driver, user):\n        page = OrderList(driver)\n        page.open(Url.ORDER_LIST_PAGE)\n        response = page.create_order(user)\n        order_number = response.json()['order']['number']\n>       assert str(order_number) in page.get_in_work_order_number()\n\ntests/test_order_list.py:58: \n_ _ _ _ _ _ _ _ _ _ _ _ _ _ _ _ _ _ _ _ _ _ _ _ _ _ _ _ _ _ _ _ _ _ _ _ _ _ _ _ _ _ _ _ _ _ _ _ _ _ _ _ _ _ _ _ _ _ _ _ _ _ _ _ _ _ _ _ _ _ _ _ _ _ _ _ _ _ _ _ _ _ _ _ _ _ _ \npages/order_list_page.py:38: in get_in_work_order_number\n    return self.get_text(OrderListLocators.ORDERS_IN_WORK)\npages/base_page.py:36: in get_text\n    return WebDriverWait(self.driver, time).until(ec.presence_of_element_located(locator)).text\n/Library/Frameworks/Python.framework/Versions/3.12/lib/python3.12/site-packages/selenium/webdriver/remote/webelement.py:90: in text\n    return self._execute(Command.GET_ELEMENT_TEXT)[\"value\"]\n/Library/Frameworks/Python.framework/Versions/3.12/lib/python3.12/site-packages/selenium/webdriver/remote/webelement.py:395: in _execute\n    return self._parent.execute(command, params)\n/Library/Frameworks/Python.framework/Versions/3.12/lib/python3.12/site-packages/selenium/webdriver/remote/webdriver.py:347: in execute\n    self.error_handler.check_response(response)\n_ _ _ _ _ _ _ _ _ _ _ _ _ _ _ _ _ _ _ _ _ _ _ _ _ _ _ _ _ _ _ _ _ _ _ _ _ _ _ _ _ _ _ _ _ _ _ _ _ _ _ _ _ _ _ _ _ _ _ _ _ _ _ _ _ _ _ _ _ _ _ _ _ _ _ _ _ _ _ _ _ _ _ _ _ _ _ \n\nself = <selenium.webdriver.remote.errorhandler.ErrorHandler object at 0x102671b80>\nresponse = {'status': 404, 'value': '{\"value\":{\"error\":\"stale element reference\",\"message\":\"stale element reference: stale elemen...00018fe1d034 _pthread_start + 136\\\\n20  libsystem_pthread.dylib             0x000000018fe17e3c thread_start + 8\\\\n\"}}'}\n\n    def check_response(self, response: Dict[str, Any]) -> None:\n        \"\"\"Checks that a JSON response from the WebDriver does not have an\n        error.\n    \n        :Args:\n         - response - The JSON response from the WebDriver server as a dictionary\n           object.\n    \n        :Raises: If the response contains an error message.\n        \"\"\"\n        status = response.get(\"status\", None)\n        if not status or status == ErrorCode.SUCCESS:\n            return\n        value = None\n        message = response.get(\"message\", \"\")\n        screen: str = response.get(\"screen\", \"\")\n        stacktrace = None\n        if isinstance(status, int):\n            value_json = response.get(\"value\", None)\n            if value_json and isinstance(value_json, str):\n                import json\n    \n                try:\n                    value = json.loads(value_json)\n                    if len(value) == 1:\n                        value = value[\"value\"]\n                    status = value.get(\"error\", None)\n                    if not status:\n                        status = value.get(\"status\", ErrorCode.UNKNOWN_ERROR)\n                        message = value.get(\"value\") or value.get(\"message\")\n                        if not isinstance(message, str):\n                            value = message\n                            message = message.get(\"message\")\n                    else:\n                        message = value.get(\"message\", None)\n                except ValueError:\n                    pass\n    \n        exception_class: Type[WebDriverException]\n        e = ErrorCode()\n        error_codes = [item for item in dir(e) if not item.startswith(\"__\")]\n        for error_code in error_codes:\n            error_info = getattr(ErrorCode, error_code)\n            if isinstance(error_info, list) and status in error_info:\n                exception_class = getattr(ExceptionMapping, error_code, WebDriverException)\n                break\n        else:\n            exception_class = WebDriverException\n    \n        if not value:\n            value = response[\"value\"]\n        if isinstance(value, str):\n            raise exception_class(value)\n        if message == \"\" and \"message\" in value:\n            message = value[\"message\"]\n    \n        screen = None  # type: ignore[assignment]\n        if \"screen\" in value:\n            screen = value[\"screen\"]\n    \n        stacktrace = None\n        st_value = value.get(\"stackTrace\") or value.get(\"stacktrace\")\n        if st_value:\n            if isinstance(st_value, str):\n                stacktrace = st_value.split(\"\\n\")\n            else:\n                stacktrace = []\n                try:\n                    for frame in st_value:\n                        line = frame.get(\"lineNumber\", \"\")\n                        file = frame.get(\"fileName\", \"<anonymous>\")\n                        if line:\n                            file = f\"{file}:{line}\"\n                        meth = frame.get(\"methodName\", \"<anonymous>\")\n                        if \"className\" in frame:\n                            meth = f\"{frame['className']}.{meth}\"\n                        msg = \"    at %s (%s)\"\n                        msg = msg % (meth, file)\n                        stacktrace.append(msg)\n                except TypeError:\n                    pass\n        if exception_class == UnexpectedAlertPresentException:\n            alert_text = None\n            if \"data\" in value:\n                alert_text = value[\"data\"].get(\"text\")\n            elif \"alert\" in value:\n                alert_text = value[\"alert\"].get(\"text\")\n            raise exception_class(message, screen, stacktrace, alert_text)  # type: ignore[call-arg]  # mypy is not smart enough here\n>       raise exception_class(message, screen, stacktrace)\nE       selenium.common.exceptions.StaleElementReferenceException: Message: stale element reference: stale element not found in the current frame\nE         (Session info: chrome=124.0.6367.78); For documentation on this error, please visit: https://www.selenium.dev/documentation/webdriver/troubleshooting/errors#stale-element-reference-exception\nE       Stacktrace:\nE       0   chromedriver                        0x00000001007be8dc chromedriver + 4368604\nE       1   chromedriver                        0x00000001007b6d70 chromedriver + 4337008\nE       2   chromedriver                        0x00000001003dac04 chromedriver + 289796\nE       3   chromedriver                        0x00000001003df5d4 chromedriver + 308692\nE       4   chromedriver                        0x00000001003e0f30 chromedriver + 315184\nE       5   chromedriver                        0x00000001003e0fa8 chromedriver + 315304\nE       6   chromedriver                        0x0000000100417f84 chromedriver + 540548\nE       7   chromedriver                        0x0000000100413368 chromedriver + 521064\nE       8   chromedriver                        0x00000001004555ec chromedriver + 792044\nE       9   chromedriver                        0x0000000100411ab4 chromedriver + 514740\nE       10  chromedriver                        0x000000010041250c chromedriver + 517388\nE       11  chromedriver                        0x0000000100782df8 chromedriver + 4124152\nE       12  chromedriver                        0x0000000100787be8 chromedriver + 4144104\nE       13  chromedriver                        0x00000001007687c0 chromedriver + 4016064\nE       14  chromedriver                        0x0000000100788518 chromedriver + 4146456\nE       15  chromedriver                        0x000000010075a274 chromedriver + 3957364\nE       16  chromedriver                        0x00000001007a7e60 chromedriver + 4275808\nE       17  chromedriver                        0x00000001007a7fdc chromedriver + 4276188\nE       18  chromedriver                        0x00000001007b69d0 chromedriver + 4336080\nE       19  libsystem_pthread.dylib             0x000000018fe1d034 _pthread_start + 136\nE       20  libsystem_pthread.dylib             0x000000018fe17e3c thread_start + 8\n\n/Library/Frameworks/Python.framework/Versions/3.12/lib/python3.12/site-packages/selenium/webdriver/remote/errorhandler.py:229: StaleElementReferenceException"}, "steps": [{"name": "Открываем браузер на заданом урле", "status": "passed", "parameters": [{"name": "url", "value": "'https://stellarburgers.nomoreparties.site/feed'"}], "start": 1714052177106, "stop": 1714052177950}, {"name": "Создаем заказ авторизированным пользоваетелем", "status": "passed", "steps": [{"name": "Создаем заказ", "status": "passed", "parameters": [{"name": "ingredient", "value": "'61c0c5a71d1f82001bdaaa6d'"}, {"name": "access_token", "value": "'Bearer eyJhbGciOiJIUzI1NiIsInR5cCI6IkpXVCJ9.eyJpZCI6IjY2MmE1YzUxOWVkMjgwMDAxYjNlZTE2NyIsImlhdCI6MTcxNDA1MjE3NywiZXhwIjoxNzE0MDUzMzc3fQ.WaVgokpeIT9-dpl74iUO0InFQ3dGtKkxDiDeFCqyfas'"}], "start": 1714052177950, "stop": 1714052178987}], "parameters": [{"name": "user", "value": "{'email': 'klkmezxaml@gmail.com', 'password': 'tvusieptuk', 'name': 'xwdiluqjam', 'status_code': 200, 'json': {'success': True, 'user': {'email': 'klkmezxaml@gmail.com', 'name': 'xwdiluqjam'}, 'accessToken': 'Bearer eyJhbGciOiJIUzI1NiIsInR5cCI6IkpXVCJ9.eyJpZCI6IjY2MmE1YzUxOWVkMjgwMDAxYjNlZTE2NyIsImlhdCI6MTcxNDA1MjE3NywiZXhwIjoxNzE0MDUzMzc3fQ.WaVgokpeIT9-dpl74iUO0InFQ3dGtKkxDiDeFCqyfas', 'refreshToken': '94bf8aa422bf8f962de6a61143377fe4e8234a62a8edff202a2755f2596bf809229f650e62c1a972'}}"}], "start": 1714052177950, "stop": 1714052178987}, {"name": "Собираем номер заказа в работе", "status": "broken", "statusDetails": {"message": "selenium.common.exceptions.StaleElementReferenceException: Message: stale element reference: stale element not found in the current frame\n  (Session info: chrome=124.0.6367.78); For documentation on this error, please visit: https://www.selenium.dev/documentation/webdriver/troubleshooting/errors#stale-element-reference-exception\nStacktrace:\n0   chromedriver                        0x00000001007be8dc chromedriver + 4368604\n1   chromedriver                        0x00000001007b6d70 chromedriver + 4337008\n2   chromedriver                        0x00000001003dac04 chromedriver + 289796\n3   chromedriver                        0x00000001003df5d4 chromedriver + 308692\n4   chromedriver                        0x00000001003e0f30 chromedriver + 315184\n5   chromedriver                        0x00000001003e0fa8 chromedriver + 315304\n6   chromedriver                        0x0000000100417f84 chromedriver + 540548\n7   chromedriver                        0x0000000100413368 chromedriver + 521064\n8   chromedriver                        0x00000001004555ec chromedriver + 792044\n9   chromedriver                        0x0000000100411ab4 chromedriver + 514740\n10  chromedriver                        0x000000010041250c chromedriver + 517388\n11  chromedriver                        0x0000000100782df8 chromedriver + 4124152\n12  chromedriver                        0x0000000100787be8 chromedriver + 4144104\n13  chromedriver                        0x00000001007687c0 chromedriver + 4016064\n14  chromedriver                        0x0000000100788518 chromedriver + 4146456\n15  chromedriver                        0x000000010075a274 chromedriver + 3957364\n16  chromedriver                        0x00000001007a7e60 chromedriver + 4275808\n17  chromedriver                        0x00000001007a7fdc chromedriver + 4276188\n18  chromedriver                        0x00000001007b69d0 chromedriver + 4336080\n19  libsystem_pthread.dylib             0x000000018fe1d034 _pthread_start + 136\n20  libsystem_pthread.dylib             0x000000018fe17e3c thread_start + 8\n\n", "trace": "  File \"/Library/Frameworks/Python.framework/Versions/3.12/lib/python3.12/site-packages/allure_commons/_allure.py\", line 192, in impl\n    return func(*a, **kw)\n           ^^^^^^^^^^^^^^\n  File \"/Users/olegandreev/Documents/yandexrepo/Diplom/Diplom_3/pages/order_list_page.py\", line 38, in get_in_work_order_number\n    return self.get_text(OrderListLocators.ORDERS_IN_WORK)\n           ^^^^^^^^^^^^^^^^^^^^^^^^^^^^^^^^^^^^^^^^^^^^^^^\n  File \"/Library/Frameworks/Python.framework/Versions/3.12/lib/python3.12/site-packages/allure_commons/_allure.py\", line 192, in impl\n    return func(*a, **kw)\n           ^^^^^^^^^^^^^^\n  File \"/Users/olegandreev/Documents/yandexrepo/Diplom/Diplom_3/pages/base_page.py\", line 36, in get_text\n    return WebDriverWait(self.driver, time).until(ec.presence_of_element_located(locator)).text\n           ^^^^^^^^^^^^^^^^^^^^^^^^^^^^^^^^^^^^^^^^^^^^^^^^^^^^^^^^^^^^^^^^^^^^^^^^^^^^^^^^^^^^\n  File \"/Library/Frameworks/Python.framework/Versions/3.12/lib/python3.12/site-packages/selenium/webdriver/remote/webelement.py\", line 90, in text\n    return self._execute(Command.GET_ELEMENT_TEXT)[\"value\"]\n           ^^^^^^^^^^^^^^^^^^^^^^^^^^^^^^^^^^^^^^^\n  File \"/Library/Frameworks/Python.framework/Versions/3.12/lib/python3.12/site-packages/selenium/webdriver/remote/webelement.py\", line 395, in _execute\n    return self._parent.execute(command, params)\n           ^^^^^^^^^^^^^^^^^^^^^^^^^^^^^^^^^^^^^\n  File \"/Library/Frameworks/Python.framework/Versions/3.12/lib/python3.12/site-packages/selenium/webdriver/remote/webdriver.py\", line 347, in execute\n    self.error_handler.check_response(response)\n  File \"/Library/Frameworks/Python.framework/Versions/3.12/lib/python3.12/site-packages/selenium/webdriver/remote/errorhandler.py\", line 229, in check_response\n    raise exception_class(message, screen, stacktrace)\n"}, "steps": [{"name": "Собираем текст с элемента", "status": "broken", "statusDetails": {"message": "selenium.common.exceptions.StaleElementReferenceException: Message: stale element reference: stale element not found in the current frame\n  (Session info: chrome=124.0.6367.78); For documentation on this error, please visit: https://www.selenium.dev/documentation/webdriver/troubleshooting/errors#stale-element-reference-exception\nStacktrace:\n0   chromedriver                        0x00000001007be8dc chromedriver + 4368604\n1   chromedriver                        0x00000001007b6d70 chromedriver + 4337008\n2   chromedriver                        0x00000001003dac04 chromedriver + 289796\n3   chromedriver                        0x00000001003df5d4 chromedriver + 308692\n4   chromedriver                        0x00000001003e0f30 chromedriver + 315184\n5   chromedriver                        0x00000001003e0fa8 chromedriver + 315304\n6   chromedriver                        0x0000000100417f84 chromedriver + 540548\n7   chromedriver                        0x0000000100413368 chromedriver + 521064\n8   chromedriver                        0x00000001004555ec chromedriver + 792044\n9   chromedriver                        0x0000000100411ab4 chromedriver + 514740\n10  chromedriver                        0x000000010041250c chromedriver + 517388\n11  chromedriver                        0x0000000100782df8 chromedriver + 4124152\n12  chromedriver                        0x0000000100787be8 chromedriver + 4144104\n13  chromedriver                        0x00000001007687c0 chromedriver + 4016064\n14  chromedriver                        0x0000000100788518 chromedriver + 4146456\n15  chromedriver                        0x000000010075a274 chromedriver + 3957364\n16  chromedriver                        0x00000001007a7e60 chromedriver + 4275808\n17  chromedriver                        0x00000001007a7fdc chromedriver + 4276188\n18  chromedriver                        0x00000001007b69d0 chromedriver + 4336080\n19  libsystem_pthread.dylib             0x000000018fe1d034 _pthread_start + 136\n20  libsystem_pthread.dylib             0x000000018fe17e3c thread_start + 8\n\n", "trace": "  File \"/Library/Frameworks/Python.framework/Versions/3.12/lib/python3.12/site-packages/allure_commons/_allure.py\", line 192, in impl\n    return func(*a, **kw)\n           ^^^^^^^^^^^^^^\n  File \"/Users/olegandreev/Documents/yandexrepo/Diplom/Diplom_3/pages/base_page.py\", line 36, in get_text\n    return WebDriverWait(self.driver, time).until(ec.presence_of_element_located(locator)).text\n           ^^^^^^^^^^^^^^^^^^^^^^^^^^^^^^^^^^^^^^^^^^^^^^^^^^^^^^^^^^^^^^^^^^^^^^^^^^^^^^^^^^^^\n  File \"/Library/Frameworks/Python.framework/Versions/3.12/lib/python3.12/site-packages/selenium/webdriver/remote/webelement.py\", line 90, in text\n    return self._execute(Command.GET_ELEMENT_TEXT)[\"value\"]\n           ^^^^^^^^^^^^^^^^^^^^^^^^^^^^^^^^^^^^^^^\n  File \"/Library/Frameworks/Python.framework/Versions/3.12/lib/python3.12/site-packages/selenium/webdriver/remote/webelement.py\", line 395, in _execute\n    return self._parent.execute(command, params)\n           ^^^^^^^^^^^^^^^^^^^^^^^^^^^^^^^^^^^^^\n  File \"/Library/Frameworks/Python.framework/Versions/3.12/lib/python3.12/site-packages/selenium/webdriver/remote/webdriver.py\", line 347, in execute\n    self.error_handler.check_response(response)\n  File \"/Library/Frameworks/Python.framework/Versions/3.12/lib/python3.12/site-packages/selenium/webdriver/remote/errorhandler.py\", line 229, in check_response\n    raise exception_class(message, screen, stacktrace)\n"}, "parameters": [{"name": "locator", "value": "('xpath', '//*[contains(@class, \"orderListReady\")]//li[contains(@class, \"digits-default\")]')"}, {"name": "time", "value": "15"}], "start": 1714052178987, "stop": 1714052179010}], "start": 1714052178987, "stop": 1714052179014}], "parameters": [{"name": "driver", "value": "'chrome'"}], "start": 1714052177106, "stop": 1714052179014, "uuid": "32b98711-7571-4ba7-bcb7-f9dc0597a21f", "historyId": "27f8a51e391a0a6107e0376c714dc495", "testCaseId": "e78e473268d174465fe7846577e4b37f", "fullName": "tests.test_order_list.TestOrderList#test_in_work_list", "labels": [{"name": "story", "value": "Тесты ленты заказов"}, {"name": "parentSuite", "value": "tests"}, {"name": "suite", "value": "test_order_list"}, {"name": "subSuite", "value": "TestOrderList"}, {"name": "host", "value": "MBP-Oleg"}, {"name": "thread", "value": "71530-MainThread"}, {"name": "framework", "value": "pytest"}, {"name": "language", "value": "cpython3"}, {"name": "package", "value": "tests.test_order_list"}]}