{"name": "Тест кнопки закрытия всплывающего окна", "status": "broken", "statusDetails": {"message": "selenium.common.exceptions.TimeoutException: Message:", "trace": "self = <tests.test_main_functionality.TestMainFunctionality object at 0x1015c3440>\ndriver = <selenium.webdriver.firefox.webdriver.WebDriver (session=\"ba60b0f2-0c80-4148-9a46-e5519793c393\")>\n\n    @allure.title('Тест кнопки закрытия всплывающего окна')\n    def test_ingredient_popup_close_button(self, driver):\n        page = MainPage(driver)\n        page.open(Url.BASE_PAGE)\n        page.click_ingredient_button()\n        page.click_close_popup_window_button()\n        page.wait_for_order_details_disappear()\n>       assert page.check_ingredients_details_on_screen() == False\n\ntests/test_main_functionality.py:42: \n_ _ _ _ _ _ _ _ _ _ _ _ _ _ _ _ _ _ _ _ _ _ _ _ _ _ _ _ _ _ _ _ _ _ _ _ _ _ _ _ _ _ _ _ _ _ _ _ _ _ _ _ _ _ _ _ _ _ _ _ _ _ _ _ _ _ _ _ _ _ _ _ _ _ _ _ _ _ _ _ _ _ _ _ _ _ _ \npages/main_page.py:25: in check_ingredients_details_on_screen\n    return self.find_element(MainPageLocators.INGREDIENT_DETAILS_TEXT).is_displayed()\npages/base_page.py:32: in find_element\n    return WebDriverWait(self.driver, time).until(ec.visibility_of_element_located(locator))\n_ _ _ _ _ _ _ _ _ _ _ _ _ _ _ _ _ _ _ _ _ _ _ _ _ _ _ _ _ _ _ _ _ _ _ _ _ _ _ _ _ _ _ _ _ _ _ _ _ _ _ _ _ _ _ _ _ _ _ _ _ _ _ _ _ _ _ _ _ _ _ _ _ _ _ _ _ _ _ _ _ _ _ _ _ _ _ \n\nself = <selenium.webdriver.support.wait.WebDriverWait (session=\"ba60b0f2-0c80-4148-9a46-e5519793c393\")>\nmethod = <function visibility_of_element_located.<locals>._predicate at 0x1027f72e0>, message = ''\n\n    def until(self, method: Callable[[D], Union[Literal[False], T]], message: str = \"\") -> T:\n        \"\"\"Calls the method provided with the driver as an argument until the \\\n        return value does not evaluate to ``False``.\n    \n        :param method: callable(WebDriver)\n        :param message: optional message for :exc:`TimeoutException`\n        :returns: the result of the last call to `method`\n        :raises: :exc:`selenium.common.exceptions.TimeoutException` if timeout occurs\n        \"\"\"\n        screen = None\n        stacktrace = None\n    \n        end_time = time.monotonic() + self._timeout\n        while True:\n            try:\n                value = method(self._driver)\n                if value:\n                    return value\n            except self._ignored_exceptions as exc:\n                screen = getattr(exc, \"screen\", None)\n                stacktrace = getattr(exc, \"stacktrace\", None)\n            time.sleep(self._poll)\n            if time.monotonic() > end_time:\n                break\n>       raise TimeoutException(message, screen, stacktrace)\nE       selenium.common.exceptions.TimeoutException: Message:\n\n/Library/Frameworks/Python.framework/Versions/3.12/lib/python3.12/site-packages/selenium/webdriver/support/wait.py:105: TimeoutException"}, "steps": [{"name": "Открываем браузер на заданом урле", "status": "passed", "parameters": [{"name": "url", "value": "'https://stellarburgers.nomoreparties.site/'"}], "start": 1714055588632, "stop": 1714055590110}, {"name": "Клик по ингридиенту", "status": "passed", "steps": [{"name": "Перемещаемся до элемента и кликаем", "status": "passed", "parameters": [{"name": "locator", "value": "('xpath', '//*[@href=\"/ingredient/61c0c5a71d1f82001bdaaa6d\"]')"}], "start": 1714055590110, "stop": 1714055590407}], "start": 1714055590110, "stop": 1714055590407}, {"name": "Клик по кнопке закрытия", "status": "passed", "steps": [{"name": "Перемещаемся до элемента и кликаем", "status": "passed", "parameters": [{"name": "locator", "value": "('xpath', '//button[contains(@class,\"close\")]')"}], "start": 1714055590407, "stop": 1714055590674}], "start": 1714055590407, "stop": 1714055590674}, {"name": "Дождаться исчезновения деталей заказа", "status": "passed", "steps": [{"name": "Дожаться пропажи элемента", "status": "passed", "parameters": [{"name": "locator", "value": "('xpath', '//h2[contains(text(),\"Детали ингредиента\")]')"}, {"name": "time", "value": "15"}], "start": 1714055590674, "stop": 1714055591201}], "start": 1714055590674, "stop": 1714055591201}, {"name": "Проверить наличие элемента на экране", "status": "broken", "statusDetails": {"message": "selenium.common.exceptions.TimeoutException: Message: \n\n", "trace": "  File \"/Library/Frameworks/Python.framework/Versions/3.12/lib/python3.12/site-packages/allure_commons/_allure.py\", line 192, in impl\n    return func(*a, **kw)\n           ^^^^^^^^^^^^^^\n  File \"/Users/olegandreev/Documents/yandexrepo/Diplom/Diplom_3/pages/main_page.py\", line 25, in check_ingredients_details_on_screen\n    return self.find_element(MainPageLocators.INGREDIENT_DETAILS_TEXT).is_displayed()\n           ^^^^^^^^^^^^^^^^^^^^^^^^^^^^^^^^^^^^^^^^^^^^^^^^^^^^^^^^^^^\n  File \"/Library/Frameworks/Python.framework/Versions/3.12/lib/python3.12/site-packages/allure_commons/_allure.py\", line 192, in impl\n    return func(*a, **kw)\n           ^^^^^^^^^^^^^^\n  File \"/Users/olegandreev/Documents/yandexrepo/Diplom/Diplom_3/pages/base_page.py\", line 32, in find_element\n    return WebDriverWait(self.driver, time).until(ec.visibility_of_element_located(locator))\n           ^^^^^^^^^^^^^^^^^^^^^^^^^^^^^^^^^^^^^^^^^^^^^^^^^^^^^^^^^^^^^^^^^^^^^^^^^^^^^^^^^\n  File \"/Library/Frameworks/Python.framework/Versions/3.12/lib/python3.12/site-packages/selenium/webdriver/support/wait.py\", line 105, in until\n    raise TimeoutException(message, screen, stacktrace)\n"}, "steps": [{"name": "Ищем эллемент", "status": "broken", "statusDetails": {"message": "selenium.common.exceptions.TimeoutException: Message: \n\n", "trace": "  File \"/Library/Frameworks/Python.framework/Versions/3.12/lib/python3.12/site-packages/allure_commons/_allure.py\", line 192, in impl\n    return func(*a, **kw)\n           ^^^^^^^^^^^^^^\n  File \"/Users/olegandreev/Documents/yandexrepo/Diplom/Diplom_3/pages/base_page.py\", line 32, in find_element\n    return WebDriverWait(self.driver, time).until(ec.visibility_of_element_located(locator))\n           ^^^^^^^^^^^^^^^^^^^^^^^^^^^^^^^^^^^^^^^^^^^^^^^^^^^^^^^^^^^^^^^^^^^^^^^^^^^^^^^^^\n  File \"/Library/Frameworks/Python.framework/Versions/3.12/lib/python3.12/site-packages/selenium/webdriver/support/wait.py\", line 105, in until\n    raise TimeoutException(message, screen, stacktrace)\n"}, "parameters": [{"name": "locator", "value": "('xpath', '//h2[contains(text(),\"Детали ингредиента\")]')"}, {"name": "time", "value": "15"}], "start": 1714055591201, "stop": 1714055606699}], "start": 1714055591201, "stop": 1714055606702}], "parameters": [{"name": "driver", "value": "'firefox'"}], "start": 1714055588632, "stop": 1714055606703, "uuid": "e6485dc1-5320-43fe-a377-e34d5e33139a", "historyId": "60d1dcdb82bbcfdf29b97bd7c789f422", "testCaseId": "7bd08e0ecd183742eaf06a7ebf272344", "fullName": "tests.test_main_functionality.TestMainFunctionality#test_ingredient_popup_close_button", "labels": [{"name": "story", "value": "Тесты основного функционала"}, {"name": "parentSuite", "value": "tests"}, {"name": "suite", "value": "test_main_functionality"}, {"name": "subSuite", "value": "TestMainFunctionality"}, {"name": "host", "value": "MBP-Oleg"}, {"name": "thread", "value": "80433-MainThread"}, {"name": "framework", "value": "pytest"}, {"name": "language", "value": "cpython3"}, {"name": "package", "value": "tests.test_main_functionality"}]}